This file contains any messages produced by compilers while
running configure, to aid debugging if configure makes a mistake.

It was created by configure, which was
generated by GNU Autoconf 2.53.  Invocation command line was

  $ ./configure 

## --------- ##
## Platform. ##
## --------- ##

hostname = uni06
uname -m = x86_64
uname -r = 2.6.18-308.24.1.el5
uname -s = Linux
uname -v = #1 SMP Tue Dec 4 17:43:34 EST 2012

/usr/bin/uname -p = unknown
/bin/uname -X     = unknown

/bin/arch              = x86_64
/usr/bin/arch -k       = unknown
/usr/convex/getsysinfo = unknown
hostinfo               = unknown
/bin/machine           = unknown
/usr/bin/oslevel       = unknown
/bin/universe          = unknown

PATH: /opt/mpi/intel/openmpi-1.4.1/bin
PATH: /opt/sge/bin/lx24-amd64
PATH: /opt/intel/Compiler/11.1/059/bin/intel64
PATH: /usr/lib64/qt-3.3/bin
PATH: /usr/kerberos/bin
PATH: /usr/local/bin
PATH: /bin
PATH: /usr/bin
PATH: /home/cse241/bin
PATH: /home/cse341/bin
PATH: /home/cse421/bin
PATH: /home/cse231/bin
PATH: /home/cse311/bini
PATH: /home/cse211/bin
PATH: /home/cse351/bin
PATH: /home/cse251/bin
PATH: .
PATH: /home/cse221/bin
PATH: /home1/students/cs20161248/bin


## ----------- ##
## Core tests. ##
## ----------- ##

configure:1454: checking build system type
configure:1472: result: x86_64-unknown-linux-gnu
configure:1480: checking host system type
configure:1494: result: x86_64-unknown-linux-gnu
configure:1502: checking target system type
configure:1516: result: x86_64-unknown-linux-gnu
configure:1543: checking for product name
configure:1552: result: DDD 3.3.8 "Cinnamon"
configure:1554: checking for expiration date
configure:1557: result: no
configure:1577: checking for a BSD-compatible install
configure:1631: result: /usr/bin/install -c
configure:1642: checking whether build environment is sane
configure:1685: result: yes
configure:1705: checking for gawk
configure:1721: found /bin/gawk
configure:1731: result: gawk
configure:1741: checking whether make sets ${MAKE}
configure:1761: result: yes
configure:1906: checking whether make sets ${MAKE}
configure:1926: result: yes
configure:1955: checking for style of include used by make
configure:1983: result: GNU
configure:2054: checking for gcc
configure:2070: found /usr/bin/gcc
configure:2080: result: gcc
configure:2324: checking for C compiler version
configure:2327: gcc --version </dev/null >&5
gcc (GCC) 4.1.2 20080704 (Red Hat 4.1.2-54)
Copyright (C) 2006 Free Software Foundation, Inc.
This is free software; see the source for copying conditions.  There is NO
warranty; not even for MERCHANTABILITY or FITNESS FOR A PARTICULAR PURPOSE.

configure:2330: $? = 0
configure:2332: gcc -v </dev/null >&5
Using built-in specs.
Target: x86_64-redhat-linux
Configured with: ../configure --prefix=/usr --mandir=/usr/share/man --infodir=/usr/share/info --enable-shared --enable-threads=posix --enable-checking=release --with-system-zlib --enable-__cxa_atexit --disable-libunwind-exceptions --enable-libgcj-multifile --enable-languages=c,c++,objc,obj-c++,java,fortran,ada --enable-java-awt=gtk --disable-dssi --disable-plugin --with-java-home=/usr/lib/jvm/java-1.4.2-gcj-1.4.2.0/jre --with-cpu=generic --host=x86_64-redhat-linux
Thread model: posix
gcc version 4.1.2 20080704 (Red Hat 4.1.2-54)
configure:2335: $? = 0
configure:2337: gcc -V </dev/null >&5
gcc: '-V' option must have argument
configure:2340: $? = 1
configure:2366: checking for C compiler default output
configure:2369: gcc    conftest.c  >&5
configure:2372: $? = 0
configure:2405: result: a.out
configure:2410: checking whether the C compiler works
configure:2416: ./a.out
configure:2419: $? = 0
configure:2434: result: yes
configure:2441: checking whether we are cross compiling
configure:2443: result: no
configure:2446: checking for suffix of executables
configure:2448: gcc -o conftest    conftest.c  >&5
configure:2451: $? = 0
configure:2473: result: 
configure:2479: checking for suffix of object files
configure:2503: gcc -c   conftest.c >&5
configure:2506: $? = 0
configure:2525: result: o
configure:2529: checking whether we are using the GNU C compiler
configure:2556: gcc -c   conftest.c >&5
configure:2559: $? = 0
configure:2562: test -s conftest.o
configure:2565: $? = 0
configure:2577: result: yes
configure:2583: checking whether gcc accepts -g
configure:2607: gcc -c -g  conftest.c >&5
configure:2610: $? = 0
configure:2613: test -s conftest.o
configure:2616: $? = 0
configure:2626: result: yes
configure:2653: gcc -c -g -O2  conftest.c >&5
conftest.c:2: error: expected '=', ',', ';', 'asm' or '__attribute__' before 'me'
configure:2656: $? = 1
configure: failed program was:
#ifndef __cplusplus
  choke me
#endif
configure:2768: checking dependency style of gcc
configure:2830: result: gcc3
configure:2837: checking for strerror in -lcposix
configure:2870: gcc -o conftest -g -O2   conftest.c -lcposix   >&5
/usr/bin/ld: cannot find -lcposix
collect2: ld returned 1 exit status
configure:2873: $? = 1
configure: failed program was:
#line 2844 "configure"
#include "confdefs.h"

/* Override any gcc2 internal prototype to avoid an error.  */
#ifdef __cplusplus
extern "C"
#endif
/* We use char because int might match the return type of a gcc2
   builtin and then its argument prototype would still apply.  */
char strerror ();
#ifdef F77_DUMMY_MAIN
#  ifdef __cplusplus
     extern "C"
#  endif
   int F77_DUMMY_MAIN() { return 1; }
#endif
int
main ()
{
strerror ();
  ;
  return 0;
}
configure:2890: result: no
configure:2902: checking for g77
configure:2918: found /usr/bin/g77
configure:2928: result: g77
configure:2941: checking whether ln -s works
configure:2945: result: yes
configure:2956: checking for sh
configure:2974: found /bin/sh
configure:2986: result: /bin/sh
configure:3000: checking for gtar
configure:3016: found /bin/gtar
configure:3026: result: gtar
configure:3040: checking for gm4
configure:3069: result: no
configure:3040: checking for m4
configure:3056: found /usr/bin/m4
configure:3066: result: m4
configure:3080: checking for gsed
configure:3109: result: no
configure:3080: checking for sed
configure:3096: found /bin/sed
configure:3106: result: sed
configure:3120: checking for gdiff
configure:3149: result: no
configure:3120: checking for diff
configure:3136: found /usr/bin/diff
configure:3146: result: diff
configure:3160: checking for dvips
configure:3176: found /usr/bin/dvips
configure:3186: result: dvips
configure:3200: checking for gzip
configure:3216: found /bin/gzip
configure:3226: result: gzip
configure:3244: checking for gzip
configure:3260: found /bin/gzip
configure:3270: result: gzip
configure:3291: checking for remsh
configure:3324: result: no
configure:3291: checking for rsh
configure:3309: found /usr/bin/rsh
configure:3321: result: /usr/bin/rsh
configure:3335: checking for lp
configure:3351: found /usr/bin/lp
configure:3361: result: lp
configure:3382: checking for gcore
configure:3398: found /usr/bin/gcore
configure:3408: result: gcore
configure:3427: checking for compface
configure:3456: result: no
configure:3483: checking for xbm2xface.pl
configure:3512: result: no
configure:3483: checking for xbm2xface
configure:3512: result: no
configure:3525: checking for gdb
configure:3541: found /usr/bin/gdb
configure:3551: result: gdb
configure:3581: checking for xterm
configure:3597: found /usr/bin/xterm
configure:3607: result: xterm
configure:3621: checking for xfontsel
configure:3637: found /usr/bin/xfontsel
configure:3647: result: xfontsel
configure:3669: checking for a BSD-compatible install
configure:3723: result: /usr/bin/install -c
configure:3775: checking for ranlib
configure:3791: found /usr/bin/ranlib
configure:3802: result: ranlib
configure:3818: checking for bison
configure:3834: found /usr/bin/bison
configure:3844: result: bison -y
configure:3855: checking for bison -y flags
configure:3858: result: 
configure:3861: checking bison -y version
configure:3865: result: bison (GNU Bison) 2.3
Written by Robert Corbett and Richard Stallman.

Copyright (C) 2006 Free Software Foundation, Inc.
This is free software; see the source for copying conditions.  There is NO
warranty; not even for MERCHANTABILITY or FITNESS FOR A PARTICULAR PURPOSE. (ok)
configure:3881: checking for flex
configure:3897: found /usr/bin/flex
configure:3907: result: flex
configure:3920: checking for yywrap in -lfl
configure:3953: gcc -o conftest -g -O2   conftest.c -lfl   >&5
configure:3956: $? = 0
configure:3959: test -s conftest
configure:3962: $? = 0
configure:3973: result: yes
configure:4042: checking lex output file root
configure:4053: flex conftest.l
configure:4056: $? = 0
configure:4068: result: lex.yy
configure:4073: checking whether yytext is a pointer
configure:4089: gcc -o conftest -g -O2   conftest.c  -lfl >&5
configure:4092: $? = 0
configure:4095: test -s conftest
configure:4098: $? = 0
configure:4110: result: yes
configure:4124: checking for flex flags
configure:4130: result: -8
configure:4136: checking for gawk
configure:4162: result: gawk
configure:4187: checking whether the C compiler (gcc) compiles and links a simple C program
configure:4220: gcc -o conftest -g -O2   conftest.c  >&5
configure:4223: $? = 0
configure:4226: test -s conftest
configure:4229: $? = 0
configure:4247: result: yes
configure:4311: checking for g++
configure:4327: found /usr/bin/g++
configure:4337: result: g++
configure:4353: checking for C++ compiler version
configure:4356: g++ --version </dev/null >&5
g++ (GCC) 4.1.2 20080704 (Red Hat 4.1.2-54)
Copyright (C) 2006 Free Software Foundation, Inc.
This is free software; see the source for copying conditions.  There is NO
warranty; not even for MERCHANTABILITY or FITNESS FOR A PARTICULAR PURPOSE.

configure:4359: $? = 0
configure:4361: g++ -v </dev/null >&5
Using built-in specs.
Target: x86_64-redhat-linux
Configured with: ../configure --prefix=/usr --mandir=/usr/share/man --infodir=/usr/share/info --enable-shared --enable-threads=posix --enable-checking=release --with-system-zlib --enable-__cxa_atexit --disable-libunwind-exceptions --enable-libgcj-multifile --enable-languages=c,c++,objc,obj-c++,java,fortran,ada --enable-java-awt=gtk --disable-dssi --disable-plugin --with-java-home=/usr/lib/jvm/java-1.4.2-gcj-1.4.2.0/jre --with-cpu=generic --host=x86_64-redhat-linux
Thread model: posix
gcc version 4.1.2 20080704 (Red Hat 4.1.2-54)
configure:4364: $? = 0
configure:4366: g++ -V </dev/null >&5
g++: '-V' option must have argument
configure:4369: $? = 1
configure:4372: checking whether we are using the GNU C++ compiler
configure:4399: g++ -c   conftest.cc >&5
configure:4402: $? = 0
configure:4405: test -s conftest.o
configure:4408: $? = 0
configure:4420: result: yes
configure:4426: checking whether g++ accepts -g
configure:4450: g++ -c -g  conftest.cc >&5
configure:4453: $? = 0
configure:4456: test -s conftest.o
configure:4459: $? = 0
configure:4469: result: yes
configure:4515: g++ -c -g -O2  conftest.cc >&5
configure:4518: $? = 0
configure:4521: test -s conftest.o
configure:4524: $? = 0
configure:4552: g++ -c -g -O2  conftest.cc >&5
configure: In function 'int main()':
configure:4544: error: 'exit' was not declared in this scope
configure:4555: $? = 1
configure: failed program was:
#line 4533 "configure"
#include "confdefs.h"

#ifdef F77_DUMMY_MAIN
#  ifdef __cplusplus
     extern "C"
#  endif
   int F77_DUMMY_MAIN() { return 1; }
#endif
int
main ()
{
exit (42);
  ;
  return 0;
}
configure:4515: g++ -c -g -O2  conftest.cc >&5
configure:4518: $? = 0
configure:4521: test -s conftest.o
configure:4524: $? = 0
configure:4552: g++ -c -g -O2  conftest.cc >&5
configure:4555: $? = 0
configure:4558: test -s conftest.o
configure:4561: $? = 0
configure:4585: checking dependency style of g++
configure:4647: result: gcc3
configure:4856: checking whether the C++ compiler (g++) compiles a simple program
configure:4889: g++ -o conftest -g -O2   conftest.cc  >&5
configure:4892: $? = 0
configure:4895: test -s conftest
configure:4898: $? = 0
configure:4916: result: yes
configure:4959: checking how to run the C preprocessor
configure:4985: gcc -E  conftest.c
configure:4991: $? = 0
configure:5018: gcc -E  conftest.c
configure:5014:28: error: ac_nonexistent.h: No such file or directory
configure:5024: $? = 1
configure: failed program was:
#line 5013 "configure"
#include "confdefs.h"
#include <ac_nonexistent.h>
configure:5061: result: gcc -E
configure:5076: gcc -E  conftest.c
configure:5082: $? = 0
configure:5109: gcc -E  conftest.c
configure:5105:28: error: ac_nonexistent.h: No such file or directory
configure:5115: $? = 1
configure: failed program was:
#line 5104 "configure"
#include "confdefs.h"
#include <ac_nonexistent.h>
configure:5159: checking how to run the C++ preprocessor
configure:5181: g++ -E  conftest.cc
configure:5187: $? = 0
configure:5214: g++ -E  conftest.cc
configure:5210:28: error: ac_nonexistent.h: No such file or directory
configure:5220: $? = 1
configure: failed program was:
#line 5209 "configure"
#include "confdefs.h"
#include <ac_nonexistent.h>
configure:5257: result: g++ -E
configure:5272: g++ -E  conftest.cc
configure:5278: $? = 0
configure:5305: g++ -E  conftest.cc
configure:5301:28: error: ac_nonexistent.h: No such file or directory
configure:5311: $? = 1
configure: failed program was:
#line 5300 "configure"
#include "confdefs.h"
#include <ac_nonexistent.h>
configure:5358: checking whether the C++ compiler (g++) accepts -Weffc++
configure:5393: g++ -c -Weffc++  conftest.cc >&5
configure:5396: $? = 0
configure:5399: test -s conftest.o
configure:5402: $? = 0
configure:5421: result: yes
configure:5434: checking whether the C++ compiler (g++) accepts -Wuninitialized
configure:5469: g++ -c -Wuninitialized  conftest.cc >&5
cc1plus: warning: -Wuninitialized is not supported without -O
configure:5472: $? = 0
configure:5475: test -s conftest.o
configure:5478: $? = 0
configure:5497: result: yes
configure:5512: checking whether the C++ compiler (g++) accepts -mminimal-toc
configure:5547: g++ -o conftest -mminimal-toc   conftest.cc  >&5
cc1plus: error: unrecognized command line option "-mminimal-toc"
configure:5550: $? = 1
configure: failed program was:
#line 5528 "configure"
#include "confdefs.h"

#ifdef F77_DUMMY_MAIN
#  ifdef __cplusplus
     extern "C"
#  endif
   int F77_DUMMY_MAIN() { return 1; }
#endif
int
main ()
{
int a;
  ;
  return 0;
}
configure:5575: result: no
configure:5787: checking for C++ compiler (g++) warning options
configure:5789: result: -Wall -W
configure:5791: checking for C++ compiler (g++) optimizing options
configure:5793: result: -DNDEBUG -O2
configure:5795: checking for C++ compiler (g++) debugging options
configure:5797: result: -g
configure:5799: checking for C++ compiler (g++) extra libraries
configure:5801: result: 
configure:5803: checking for C++ compiler (g++) static binding options
configure:5805: result: -Bstatic
configure:5807: checking for C++ compiler (g++) dynamic binding options
configure:5809: result: -Bdynamic
configure:5815: checking whether the C++ compiler (g++) accepts -fexternal-templates
configure:5850: g++ -c -Werror -fexternal-templates  conftest.cc >&5
cc1plus: warnings being treated as errors
cc1plus: warning: switch '-fexternal-templates' is no longer supported
configure:5853: $? = 1
configure: failed program was:
#line 5831 "configure"
#include "confdefs.h"

#ifdef F77_DUMMY_MAIN
#  ifdef __cplusplus
     extern "C"
#  endif
   int F77_DUMMY_MAIN() { return 1; }
#endif
int
main ()
{
int a;
  ;
  return 0;
}
configure:5878: result: no
configure:5889: checking whether the C++ compiler (g++) accepts -fpermissive
configure:5924: g++ -c -fpermissive  conftest.cc >&5
configure:5927: $? = 0
configure:5930: test -s conftest.o
configure:5933: $? = 0
configure:5952: result: yes
configure:5963: checking whether the C++ compiler (g++) accepts -felide-constructors
configure:5998: g++ -c -felide-constructors  conftest.cc >&5
configure:6001: $? = 0
configure:6004: test -s conftest.o
configure:6007: $? = 0
configure:6026: result: yes
configure:6037: checking whether the C++ compiler (g++) accepts -fconserve-space
configure:6072: g++ -c -fconserve-space  conftest.cc >&5
configure:6075: $? = 0
configure:6078: test -s conftest.o
configure:6081: $? = 0
configure:6100: result: yes
configure:6111: checking whether the C++ compiler (g++) accepts -trigraphs
configure:6146: g++ -c -trigraphs  conftest.cc >&5
configure:6149: $? = 0
configure:6152: test -s conftest.o
configure:6155: $? = 0
configure:6174: result: yes
configure:6187: checking whether the C++ compiler (g++) supports bool types
configure:6220: g++ -c -g -O2  conftest.cc >&5
configure:6223: $? = 0
configure:6226: test -s conftest.o
configure:6229: $? = 0
configure:6247: result: yes
configure:6258: checking whether the C++ compiler (g++) supports explicit constructors
configure:6291: g++ -c -g -O2  conftest.cc >&5
configure:6294: $? = 0
configure:6297: test -s conftest.o
configure:6300: $? = 0
configure:6318: result: yes
configure:6329: checking whether the C++ compiler (g++) supports mutable members
configure:6362: g++ -c -g -O2  conftest.cc >&5
configure:6365: $? = 0
configure:6368: test -s conftest.o
configure:6371: $? = 0
configure:6389: result: yes
configure:6400: checking whether the C++ compiler (g++) supports exception handling
configure:6433: g++ -c -g -O2  conftest.cc >&5
configure:6436: $? = 0
configure:6439: test -s conftest.o
configure:6442: $? = 0
configure:6460: result: yes
configure:6471: checking whether the C++ compiler (g++) supports standard exceptions
configure:6508: g++ -c -g -O2  conftest.cc >&5
configure:6511: $? = 0
configure:6514: test -s conftest.o
configure:6517: $? = 0
configure:6535: result: yes
configure:6546: checking whether the C++ compiler (g++) supports namespaces
configure:6587: g++ -c -g -O2  conftest.cc >&5
configure:6590: $? = 0
configure:6593: test -s conftest.o
configure:6596: $? = 0
configure:6614: result: yes
configure:6625: checking whether the C++ compiler (g++) supports run-time type info
configure:6661: g++ -c -g -O2  conftest.cc >&5
configure:6664: $? = 0
configure:6667: test -s conftest.o
configure:6670: $? = 0
configure:6688: result: yes
configure:6699: checking whether the C++ compiler (g++) supports long long types
configure:6732: g++ -c -g -O2  conftest.cc >&5
configure:6735: $? = 0
configure:6738: test -s conftest.o
configure:6741: $? = 0
configure:6759: result: yes
configure:6770: checking whether the C++ compiler (g++) supports __PRETTY_FUNCTION__
configure:6805: g++ -o conftest -g -O2   conftest.cc  >&5
configure:6808: $? = 0
configure:6811: test -s conftest
configure:6814: $? = 0
configure:6832: result: yes
configure:6843: checking whether the C++ compiler (g++) supports overloaded new
configure:6877: g++ -c -g -O2  conftest.cc >&5
configure:6880: $? = 0
configure:6883: test -s conftest.o
configure:6886: $? = 0
configure:6904: result: yes
configure:6915: checking whether the C++ compiler (g++) supports placement new
configure:6948: g++ -c -g -O2  conftest.cc >&5
configure:6951: $? = 0
configure:6954: test -s conftest.o
configure:6957: $? = 0
configure:6975: result: yes
configure:6987: checking whether the C++ compiler (g++) supports ANSI lifetime of temporaries
configure:7073: g++ -o conftest -g -O2   conftest.cc  >&5
configure:7076: $? = 0
configure:7078: ./conftest
configure:7081: $? = 0
configure:7102: result: yes
configure:7114: checking whether the C++ compiler (g++) accepts -isystem
configure:7149: g++ -c -isystem .  conftest.cc >&5
configure:7152: $? = 0
configure:7155: test -s conftest.o
configure:7158: $? = 0
configure:7177: result: yes
configure:7191: checking whether the C++ compiler (g++) supports new style casts
configure:7224: g++ -c -g -O2  conftest.cc >&5
configure:7227: $? = 0
configure:7230: test -s conftest.o
configure:7233: $? = 0
configure:7251: result: yes
configure:7262: checking whether the C++ compiler (g++) supports __attribute__ ((noreturn))
configure:7295: g++ -c -g -O2  conftest.cc >&5
configure:7298: $? = 0
configure:7301: test -s conftest.o
configure:7304: $? = 0
configure:7322: result: yes
configure:7334: checking for a traditional C preprocessor
configure:7361: gcc -E  conftest.c
configure:7367: $? = 0
configure:7395: result: gcc -E
configure:7510: checking for ld used by GCC
configure:7573: result: /usr/bin/ld
configure:7582: checking if the linker (/usr/bin/ld) is GNU ld
GNU ld version 2.17.50.0.6-26.el5 20061020
configure:7594: result: yes
configure:7599: checking for /usr/bin/ld option to reload object files
configure:7606: result: -r
configure:7611: checking for BSD-compatible nm
configure:7647: result: /usr/bin/nm -B
configure:7650: checking how to recognise dependant libraries
configure:7828: result: file_magic ELF [0-9][0-9]*-bit [LM]SB (shared object|dynamic lib )
configure:7838: checking command to parse /usr/bin/nm -B output
configure:7919: g++ -c -g -O2  conftest.cc >&5
configure:7922: $? = 0
configure:7926: /usr/bin/nm -B conftest.o \| sed -n -e 's/^.*[ 	]\([ABCDGISTW][ABCDGISTW]*\)[ 	][ 	]*\(\)\([_A-Za-z][_A-Za-z0-9]*\)$/\1 \2\3 \3/p' \> conftest.nm
configure:7929: $? = 0
configure:7981: g++ -o conftest -g -O2   conftest.cc conftstm.o >&5
configure:7984: $? = 0
configure:8028: result: ok
configure:8032: checking for ANSI C header files
configure:8046: g++ -E  conftest.cc
configure:8052: $? = 0
configure:8139: g++ -o conftest -g -O2   conftest.cc  >&5
configure:8142: $? = 0
configure:8144: ./conftest
configure:8147: $? = 0
configure:8161: result: yes
configure:8185: checking for sys/types.h
configure:8198: g++ -c -g -O2  conftest.cc >&5
configure:8201: $? = 0
configure:8204: test -s conftest.o
configure:8207: $? = 0
configure:8217: result: yes
configure:8185: checking for sys/stat.h
configure:8198: g++ -c -g -O2  conftest.cc >&5
configure:8201: $? = 0
configure:8204: test -s conftest.o
configure:8207: $? = 0
configure:8217: result: yes
configure:8185: checking for stdlib.h
configure:8198: g++ -c -g -O2  conftest.cc >&5
configure:8201: $? = 0
configure:8204: test -s conftest.o
configure:8207: $? = 0
configure:8217: result: yes
configure:8185: checking for string.h
configure:8198: g++ -c -g -O2  conftest.cc >&5
configure:8201: $? = 0
configure:8204: test -s conftest.o
configure:8207: $? = 0
configure:8217: result: yes
configure:8185: checking for memory.h
configure:8198: g++ -c -g -O2  conftest.cc >&5
configure:8201: $? = 0
configure:8204: test -s conftest.o
configure:8207: $? = 0
configure:8217: result: yes
configure:8185: checking for strings.h
configure:8198: g++ -c -g -O2  conftest.cc >&5
configure:8201: $? = 0
configure:8204: test -s conftest.o
configure:8207: $? = 0
configure:8217: result: yes
configure:8185: checking for inttypes.h
configure:8198: g++ -c -g -O2  conftest.cc >&5
configure:8201: $? = 0
configure:8204: test -s conftest.o
configure:8207: $? = 0
configure:8217: result: yes
configure:8185: checking for stdint.h
configure:8198: g++ -c -g -O2  conftest.cc >&5
configure:8201: $? = 0
configure:8204: test -s conftest.o
configure:8207: $? = 0
configure:8217: result: yes
configure:8185: checking for unistd.h
configure:8198: g++ -c -g -O2  conftest.cc >&5
configure:8201: $? = 0
configure:8204: test -s conftest.o
configure:8207: $? = 0
configure:8217: result: yes
configure:8243: checking dlfcn.h usability
configure:8252: g++ -c -g -O2  conftest.cc >&5
configure:8255: $? = 0
configure:8258: test -s conftest.o
configure:8261: $? = 0
configure:8270: result: yes
configure:8274: checking dlfcn.h presence
configure:8281: g++ -E  conftest.cc
configure:8287: $? = 0
configure:8305: result: yes
configure:8323: checking for dlfcn.h
configure:8330: result: yes
configure:8351: checking for file
configure:8406: result: /usr/bin/file
configure:8527: checking for ranlib
configure:8554: result: ranlib
configure:8607: checking for strip
configure:8623: found /usr/bin/strip
configure:8634: result: strip
configure:8845: checking for objdir
configure:8856: result: .libs
configure:8873: checking for gcc option to produce PIC
configure:9023: result: -fPIC
configure:9027: checking if gcc PIC flag -fPIC works
configure:9053: g++ -c -g -O2  conftest.cc >&5
configure:9056: $? = 0
configure:9059: test -s conftest.o
configure:9062: $? = 0
configure:9099: result: yes
configure:9115: checking if gcc static flag -static works
configure:9142: g++ -o conftest -g -O2   -static conftest.cc  >&5
configure:9145: $? = 0
configure:9148: test -s conftest
configure:9151: $? = 0
configure:9166: result: yes
configure:9178: checking if gcc supports -c -o file.o
configure:9198: g++ -c -g -O2  conftest.cc >&5
Assembler messages:
Fatal error: can't create conftest.o: Permission denied
configure:9222: result: no
configure:9297: checking if we can lock with hard links
configure:9305: result: yes
configure:9318: checking if gcc supports -fno-rtti -fno-exceptions
configure:9343: g++ -c -g -O2  conftest.cc >&5
configure:9346: $? = 0
configure:9349: test -s conftest.o
configure:9352: $? = 0
configure:9368: result: yes
configure:9379: checking whether the linker (/usr/bin/ld) supports shared libraries
configure:10059: result: yes
configure:10064: checking how to hardcode library paths into programs
configure:10088: result: immediate
configure:10093: checking whether stripping libraries is possible
configure:10098: result: yes
configure:10109: checking dynamic linker characteristics
configure:10502: result: GNU/Linux ld.so
configure:10507: checking if libtool supports shared libraries
configure:10509: result: yes
configure:10512: checking whether to build shared libraries
configure:10533: result: yes
configure:10536: checking whether to build static libraries
configure:10540: result: yes
configure:11202: checking whether -lc should be explicitly linked in
configure:11210: g++ -c -g -O2  conftest.cc >&5
configure:11213: $? = 0
configure:11227: gcc -shared conftest.o  -v -Wl,-soname -Wl,conftest -o conftest 2\>\&1 \| grep  -lc  \>/dev/null 2\>\&1
configure:11230: $? = 0
configure:11243: result: no
configure:11814: checking for connect
configure:11857: g++ -o conftest -g -O2   conftest.cc  >&5
configure:11860: $? = 0
configure:11863: test -s conftest
configure:11866: $? = 0
configure:11876: result: yes
configure:11883: checking for gethostbyname
configure:11926: g++ -o conftest -g -O2   conftest.cc  >&5
configure:11929: $? = 0
configure:11932: test -s conftest
configure:11935: $? = 0
configure:11945: result: yes
configure:11952: checking for regcmp
configure:11995: g++ -o conftest -g -O2   conftest.cc  >&5
/tmp/ccWQnOEU.o: In function `main':
/home1/students/cs20161248/DataStructure/ddd-3.3.8/configure:11985: undefined reference to `regcmp'
collect2: ld returned 1 exit status
configure:11998: $? = 1
configure: failed program was:
#line 11957 "configure"
#include "confdefs.h"
/* System header to define __stub macros and hopefully few prototypes,
    which can conflict with char regcmp (); below.  */
#include <assert.h>
/* Override any gcc2 internal prototype to avoid an error.  */
#ifdef __cplusplus
extern "C"
#endif
/* We use char because int might match the return type of a gcc2
   builtin and then its argument prototype would still apply.  */
char regcmp ();
char (*f) ();

#ifdef F77_DUMMY_MAIN
#  ifdef __cplusplus
     extern "C"
#  endif
   int F77_DUMMY_MAIN() { return 1; }
#endif
int
main ()
{
/* The GNU C library defines this for functions which it implements
    to always fail with ENOSYS.  Some functions are actually named
    something starting with __ and the normal name is an alias.  */
#if defined (__stub_regcmp) || defined (__stub___regcmp)
choke me
#else
f = regcmp;
#endif

  ;
  return 0;
}
configure:12014: result: no
configure:12145: checking for regcmp in -lgen
configure:12178: g++ -o conftest -g -O2   conftest.cc -lgen   >&5
/usr/bin/ld: cannot find -lgen
collect2: ld returned 1 exit status
configure:12181: $? = 1
configure: failed program was:
#line 12152 "configure"
#include "confdefs.h"

/* Override any gcc2 internal prototype to avoid an error.  */
#ifdef __cplusplus
extern "C"
#endif
/* We use char because int might match the return type of a gcc2
   builtin and then its argument prototype would still apply.  */
char regcmp ();
#ifdef F77_DUMMY_MAIN
#  ifdef __cplusplus
     extern "C"
#  endif
   int F77_DUMMY_MAIN() { return 1; }
#endif
int
main ()
{
regcmp ();
  ;
  return 0;
}
configure:12198: result: no
configure:12206: checking for yyerror in -ly
configure:12239: g++ -o conftest -g -O2   conftest.cc -ly   >&5
/usr/bin/ld: cannot find -ly
collect2: ld returned 1 exit status
configure:12242: $? = 1
configure: failed program was:
#line 12213 "configure"
#include "confdefs.h"

/* Override any gcc2 internal prototype to avoid an error.  */
#ifdef __cplusplus
extern "C"
#endif
/* We use char because int might match the return type of a gcc2
   builtin and then its argument prototype would still apply.  */
char yyerror ();
#ifdef F77_DUMMY_MAIN
#  ifdef __cplusplus
     extern "C"
#  endif
   int F77_DUMMY_MAIN() { return 1; }
#endif
int
main ()
{
yyerror ();
  ;
  return 0;
}
configure:12259: result: no
configure:12266: checking for sin in -lm
configure:12299: g++ -o conftest -g -O2   conftest.cc -lm   >&5
configure:12302: $? = 0
configure:12305: test -s conftest
configure:12308: $? = 0
configure:12319: result: yes
configure:12326: checking for open in -lc
configure:12359: g++ -o conftest -g -O2   conftest.cc -lc   >&5
configure:12362: $? = 0
configure:12365: test -s conftest
configure:12368: $? = 0
configure:12379: result: yes
configure:12386: checking for elf_version in -lelf
configure:12419: g++ -o conftest -g -O2   conftest.cc -lelf   >&5
configure:12422: $? = 0
configure:12425: test -s conftest
configure:12428: $? = 0
configure:12439: result: yes
configure:12665: checking for tgetent in -lmytinfo
configure:12698: g++ -o conftest -g -O2   conftest.cc -lmytinfo   >&5
/usr/bin/ld: cannot find -lmytinfo
collect2: ld returned 1 exit status
configure:12701: $? = 1
configure: failed program was:
#line 12672 "configure"
#include "confdefs.h"

/* Override any gcc2 internal prototype to avoid an error.  */
#ifdef __cplusplus
extern "C"
#endif
/* We use char because int might match the return type of a gcc2
   builtin and then its argument prototype would still apply.  */
char tgetent ();
#ifdef F77_DUMMY_MAIN
#  ifdef __cplusplus
     extern "C"
#  endif
   int F77_DUMMY_MAIN() { return 1; }
#endif
int
main ()
{
tgetent ();
  ;
  return 0;
}
configure:12718: result: no
configure:12665: checking for tgetent in -lncurses
configure:12698: g++ -o conftest -g -O2   conftest.cc -lncurses   >&5
configure:12701: $? = 0
configure:12704: test -s conftest
configure:12707: $? = 0
configure:12718: result: yes
configure:13107: checking for readline in -lreadline
configure:13140: g++ -o conftest -g -O2   conftest.cc -lreadline -lncurses  >&5
configure:13143: $? = 0
configure:13146: test -s conftest
configure:13149: $? = 0
configure:13160: result: yes
configure:13170: checking for xstrerror in -liberty
configure:13203: g++ -o conftest -g -O2   conftest.cc -liberty   >&5
/usr/bin/ld: cannot find -liberty
collect2: ld returned 1 exit status
configure:13206: $? = 1
configure: failed program was:
#line 13177 "configure"
#include "confdefs.h"

/* Override any gcc2 internal prototype to avoid an error.  */
#ifdef __cplusplus
extern "C"
#endif
/* We use char because int might match the return type of a gcc2
   builtin and then its argument prototype would still apply.  */
char xstrerror ();
#ifdef F77_DUMMY_MAIN
#  ifdef __cplusplus
     extern "C"
#  endif
   int F77_DUMMY_MAIN() { return 1; }
#endif
int
main ()
{
xstrerror ();
  ;
  return 0;
}
configure:13223: result: no
configure:13266: checking for streampos
configure:13300: g++ -c -g -O2  conftest.cc >&5
configure: In function 'int main()':
configure:13292: error: 'streampos' was not declared in this scope
configure:13292: error: expected `;' before 'p'
configure:13303: $? = 1
configure: failed program was:
#line 13280 "configure"
#include "confdefs.h"
#include <iostream>
#include <fstream>
#ifdef F77_DUMMY_MAIN
#  ifdef __cplusplus
     extern "C"
#  endif
   int F77_DUMMY_MAIN() { return 1; }
#endif
int
main ()
{
streampos p;
  ;
  return 0;
}
configure:13327: result: no
configure:13338: checking for std::streampos
configure:13372: g++ -c -g -O2  conftest.cc >&5
configure:13375: $? = 0
configure:13378: test -s conftest.o
configure:13381: $? = 0
configure:13399: result: yes
configure:13431: checking whether the C++ compiler (g++) accepts -fpermissive
configure:13494: result: yes
configure:13503: checking for X
configure:13605: g++ -E  conftest.cc
configure:13611: $? = 0
configure:13719: result: libraries /usr/lib64, headers 
configure:13876: g++ -o conftest -g -O2 -fpermissive   conftest.cc   -L/usr/lib64 -lX11 >&5
configure:13879: $? = 0
configure:13882: test -s conftest
configure:13885: $? = 0
configure:14023: checking for gethostbyname
configure:14085: result: yes
configure:14218: checking for connect
configure:14280: result: yes
configure:14346: checking for remove
configure:14389: g++ -o conftest -g -O2 -fpermissive   conftest.cc  >&5
configure:14392: $? = 0
configure:14395: test -s conftest
configure:14398: $? = 0
configure:14408: result: yes
configure:14474: checking for shmat
configure:14517: g++ -o conftest -g -O2 -fpermissive   conftest.cc  >&5
configure:14520: $? = 0
configure:14523: test -s conftest
configure:14526: $? = 0
configure:14536: result: yes
configure:14611: checking for IceConnectionNumber in -lICE
configure:14644: g++ -o conftest -g -O2 -fpermissive   -L/usr/lib64 conftest.cc -lICE   >&5
configure:14647: $? = 0
configure:14650: test -s conftest
configure:14653: $? = 0
configure:14664: result: yes
configure:14715: checking for Motif
configure:14755: g++ -c -g -O2 -fpermissive   conftest.cc >&5
configure:14758: $? = 0
configure:14761: test -s conftest.o
configure:14764: $? = 0
configure:14854: g++ -o conftest -g -O2 -fpermissive    -L/usr/lib64  conftest.cc  -lXm -lXt -lX11 -lSM -lICE   >&5
configure:14857: $? = 0
configure:14860: test -s conftest
configure:14863: $? = 0
configure:14939: result: libraries in default path, headers in default path
configure:14970: checking for Athena
configure:15013: g++ -c -g -O2 -fpermissive   conftest.cc >&5
configure:15016: $? = 0
configure:15019: test -s conftest.o
configure:15022: $? = 0
configure:15112: g++ -o conftest -g -O2 -fpermissive    -L/usr/lib64  conftest.cc  -lXaw -lXmu -lXext -lXt -lX11 -lSM -lICE   >&5
configure:15115: $? = 0
configure:15118: test -s conftest
configure:15121: $? = 0
configure:15193: result: libraries in default path, headers in default path
configure:15224: checking for Xpm
configure:15267: g++ -c -g -O2 -fpermissive   conftest.cc >&5
configure:15270: $? = 0
configure:15273: test -s conftest.o
configure:15276: $? = 0
configure:15367: g++ -o conftest -g -O2 -fpermissive    -L/usr/lib64  conftest.cc  -lXpm -lXt -lX11 -lSM -lICE   >&5
configure:15370: $? = 0
configure:15373: test -s conftest
configure:15376: $? = 0
configure:15449: result: libraries in default path, headers in default path
configure:15456: checking whether compiling X headers requires -fpermissive
configure:15491: g++ -c -g -O2 -fpermissive  conftest.cc >&5
configure:15494: $? = 0
configure:15497: test -s conftest.o
configure:15500: $? = 0
configure:15562: result: no
configure:15580: checking for XOpenDisplay in -lX11
configure:15613: g++ -o conftest -g -O2 -fpermissive      -L/usr/lib64 conftest.cc -lX11  -lSM -lICE   -lSM -lICE  >&5
configure:15616: $? = 0
configure:15619: test -s conftest
configure:15622: $? = 0
configure:15633: result: yes
configure:15655: checking for _Xlcmbcurmax in -lXintl
configure:15688: g++ -o conftest -g -O2 -fpermissive      -L/usr/lib64 conftest.cc -lXintl  -lX11 -lSM -lICE   -lSM -lICE  >&5
/usr/bin/ld: cannot find -lXintl
collect2: ld returned 1 exit status
configure:15691: $? = 1
configure: failed program was:
#line 15662 "configure"
#include "confdefs.h"

/* Override any gcc2 internal prototype to avoid an error.  */
#ifdef __cplusplus
extern "C"
#endif
/* We use char because int might match the return type of a gcc2
   builtin and then its argument prototype would still apply.  */
char _Xlcmbcurmax ();
#ifdef F77_DUMMY_MAIN
#  ifdef __cplusplus
     extern "C"
#  endif
   int F77_DUMMY_MAIN() { return 1; }
#endif
int
main ()
{
_Xlcmbcurmax ();
  ;
  return 0;
}
configure:15708: result: no
configure:15714: checking for shmap in -lipc
configure:15747: g++ -o conftest -g -O2 -fpermissive      -L/usr/lib64 conftest.cc -lipc  -lX11 -lSM -lICE   -lSM -lICE  >&5
/usr/bin/ld: cannot find -lipc
collect2: ld returned 1 exit status
configure:15750: $? = 1
configure: failed program was:
#line 15721 "configure"
#include "confdefs.h"

/* Override any gcc2 internal prototype to avoid an error.  */
#ifdef __cplusplus
extern "C"
#endif
/* We use char because int might match the return type of a gcc2
   builtin and then its argument prototype would still apply.  */
char shmap ();
#ifdef F77_DUMMY_MAIN
#  ifdef __cplusplus
     extern "C"
#  endif
   int F77_DUMMY_MAIN() { return 1; }
#endif
int
main ()
{
shmap ();
  ;
  return 0;
}
configure:15767: result: no
configure:15774: checking for XtToolkitInitialize in -lXt
configure:15807: g++ -o conftest -g -O2 -fpermissive      -L/usr/lib64 conftest.cc -lXt  -lX11 -lSM -lICE   -lSM -lICE  >&5
configure:15810: $? = 0
configure:15813: test -s conftest
configure:15816: $? = 0
configure:15827: result: yes
configure:15848: checking for XShapeQueryVersion in -lXext
configure:15881: g++ -o conftest -g -O2 -fpermissive      -L/usr/lib64 conftest.cc -lXext  -lX11 -lSM -lICE   -lSM -lICE  >&5
configure:15884: $? = 0
configure:15887: test -s conftest
configure:15890: $? = 0
configure:15901: result: yes
configure:15911: checking for XpmCreatePixmapFromXpmImage in -lXpm
configure:15944: g++ -o conftest -g -O2 -fpermissive      -L/usr/lib64 conftest.cc -lXpm  -lX11 -lSM -lICE   -lSM -lICE  >&5
configure:15947: $? = 0
configure:15950: test -s conftest
configure:15953: $? = 0
configure:15964: result: yes
configure:15990: checking X11/xpm.h usability
configure:15999: g++ -c -g -O2 -fpermissive    conftest.cc >&5
configure:16002: $? = 0
configure:16005: test -s conftest.o
configure:16008: $? = 0
configure:16017: result: yes
configure:16021: checking X11/xpm.h presence
configure:16028: g++ -E   conftest.cc
configure:16034: $? = 0
configure:16052: result: yes
configure:16070: checking for X11/xpm.h
configure:16077: result: yes
configure:15990: checking xpm.h usability
configure:15999: g++ -c -g -O2 -fpermissive    conftest.cc >&5
configure:16027:17: error: xpm.h: No such file or directory
configure:16002: $? = 1
configure: failed program was:
#line 15992 "configure"
#include "confdefs.h"
#include <stdio.h>
#if HAVE_SYS_TYPES_H
# include <sys/types.h>
#endif
#if HAVE_SYS_STAT_H
# include <sys/stat.h>
#endif
#if STDC_HEADERS
# include <stdlib.h>
# include <stddef.h>
#else
# if HAVE_STDLIB_H
#  include <stdlib.h>
# endif
#endif
#if HAVE_STRING_H
# if !STDC_HEADERS && HAVE_MEMORY_H
#  include <memory.h>
# endif
# include <string.h>
#endif
#if HAVE_STRINGS_H
# include <strings.h>
#endif
#if HAVE_INTTYPES_H
# include <inttypes.h>
#else
# if HAVE_STDINT_H
#  include <stdint.h>
# endif
#endif
#if HAVE_UNISTD_H
# include <unistd.h>
#endif
#include <xpm.h>
configure:16017: result: no
configure:16021: checking xpm.h presence
configure:16028: g++ -E   conftest.cc
configure:16024:17: error: xpm.h: No such file or directory
configure:16034: $? = 1
configure: failed program was:
#line 16023 "configure"
#include "confdefs.h"
#include <xpm.h>
configure:16052: result: no
configure:16070: checking for xpm.h
configure:16077: result: no
configure:16096: checking for XmuCvtStringToOrientation in -lXmu
configure:16129: g++ -o conftest -g -O2 -fpermissive      -L/usr/lib64 conftest.cc -lXmu   -lXt -lXpm -lXext -lX11 -lSM -lICE   -lSM -lICE  >&5
configure:16132: $? = 0
configure:16135: test -s conftest
configure:16138: $? = 0
configure:16149: result: yes
configure:16155: checking for XawTextSetInsertionPoint in -lXaw
configure:16188: g++ -o conftest -g -O2 -fpermissive      -L/usr/lib64 conftest.cc -lXaw  -lXmu  -lXt -lXpm -lXext -lX11 -lSM -lICE   -lSM -lICE  >&5
configure:16191: $? = 0
configure:16194: test -s conftest
configure:16197: $? = 0
configure:16208: result: yes
configure:16254: checking X11/Xaw/Form.h usability
configure:16263: g++ -c -g -O2 -fpermissive    conftest.cc >&5
configure:16266: $? = 0
configure:16269: test -s conftest.o
configure:16272: $? = 0
configure:16281: result: yes
configure:16285: checking X11/Xaw/Form.h presence
configure:16292: g++ -E   conftest.cc
configure:16298: $? = 0
configure:16316: result: yes
configure:16334: checking for X11/Xaw/Form.h
configure:16341: result: yes
configure:16254: checking X11/Xaw/Panner.h usability
configure:16263: g++ -c -g -O2 -fpermissive    conftest.cc >&5
configure:16266: $? = 0
configure:16269: test -s conftest.o
configure:16272: $? = 0
configure:16281: result: yes
configure:16285: checking X11/Xaw/Panner.h presence
configure:16292: g++ -E   conftest.cc
configure:16298: $? = 0
configure:16316: result: yes
configure:16334: checking for X11/Xaw/Panner.h
configure:16341: result: yes
configure:16254: checking X11/Xaw/Porthole.h usability
configure:16263: g++ -c -g -O2 -fpermissive    conftest.cc >&5
configure:16266: $? = 0
configure:16269: test -s conftest.o
configure:16272: $? = 0
configure:16281: result: yes
configure:16285: checking X11/Xaw/Porthole.h presence
configure:16292: g++ -E   conftest.cc
configure:16298: $? = 0
configure:16316: result: yes
configure:16334: checking for X11/Xaw/Porthole.h
configure:16341: result: yes
configure:16368: checking X11/Xmu/Editres.h usability
configure:16377: g++ -c -g -O2 -fpermissive    conftest.cc >&5
/usr/include/X11/Xmu/Editres.h:36: error: variable or field '_XEditResCheckMessages' declared void
/usr/include/X11/Xmu/Editres.h:36: error: 'Widget' was not declared in this scope
/usr/include/X11/Xmu/Editres.h:37: error: 'XtPointer' was not declared in this scope
/usr/include/X11/Xmu/Editres.h:38: error: 'XEvent' was not declared in this scope
/usr/include/X11/Xmu/Editres.h:38: error: 'event' was not declared in this scope
/usr/include/X11/Xmu/Editres.h:39: error: 'Boolean' was not declared in this scope
/usr/include/X11/Xmu/Editres.h:39: error: 'cont' was not declared in this scope
configure:16380: $? = 1
configure: failed program was:
#line 16370 "configure"
#include "confdefs.h"
#include <stdio.h>
#if HAVE_SYS_TYPES_H
# include <sys/types.h>
#endif
#if HAVE_SYS_STAT_H
# include <sys/stat.h>
#endif
#if STDC_HEADERS
# include <stdlib.h>
# include <stddef.h>
#else
# if HAVE_STDLIB_H
#  include <stdlib.h>
# endif
#endif
#if HAVE_STRING_H
# if !STDC_HEADERS && HAVE_MEMORY_H
#  include <memory.h>
# endif
# include <string.h>
#endif
#if HAVE_STRINGS_H
# include <strings.h>
#endif
#if HAVE_INTTYPES_H
# include <inttypes.h>
#else
# if HAVE_STDINT_H
#  include <stdint.h>
# endif
#endif
#if HAVE_UNISTD_H
# include <unistd.h>
#endif
#include <X11/Xmu/Editres.h>
configure:16395: result: no
configure:16399: checking X11/Xmu/Editres.h presence
configure:16406: g++ -E   conftest.cc
configure:16412: $? = 0
configure:16430: result: yes
configure:16441: WARNING: X11/Xmu/Editres.h: present but cannot be compiled
configure:16443: WARNING: X11/Xmu/Editres.h: check for missing prerequisite headers?
configure:16445: WARNING: X11/Xmu/Editres.h: proceeding with the preprocessor's result
configure:16448: checking for X11/Xmu/Editres.h
configure:16455: result: yes
configure:16474: checking for XpSelectInput in -lXp
configure:16507: g++ -o conftest -g -O2 -fpermissive      -L/usr/lib64 conftest.cc -lXp  -lXpm -lXext -lXt -lXext -lX11 -lSM -lICE    -lSM -lICE  >&5
configure:16510: $? = 0
configure:16513: test -s conftest
configure:16516: $? = 0
configure:16527: result: yes
configure:16537: checking for XmCreateOptionMenu in -lXm
configure:16570: g++ -o conftest -g -O2 -fpermissive      -L/usr/lib64 conftest.cc -lXm  -lXp -lXpm -lXext -lXt -lXext -lX11 -lSM -lICE    -lSM -lICE  >&5
configure:16573: $? = 0
configure:16576: test -s conftest
configure:16579: $? = 0
configure:16590: result: yes
configure:16600: checking for xmUseVersion in -lXm
configure:16633: g++ -o conftest -g -O2 -fpermissive      -L/usr/lib64 conftest.cc -lXm  -lXp -lXpm -lXext -lXt -lXext -lX11 -lSM -lICE    -lSM -lICE  >&5
configure:16636: $? = 0
configure:16639: test -s conftest
configure:16642: $? = 0
configure:16653: result: yes
configure:16662: checking for XmInstallImage in -lXm
configure:16695: g++ -o conftest -g -O2 -fpermissive      -L/usr/lib64 conftest.cc -lXm  -lXp -lXpm -lXext -lXt -lXext -lX11 -lSM -lICE    -lSM -lICE  >&5
configure:16698: $? = 0
configure:16701: test -s conftest
configure:16704: $? = 0
configure:16715: result: yes
configure:16724: checking for Xm21InstallImage in -lXm
configure:16757: g++ -o conftest -g -O2 -fpermissive      -L/usr/lib64 conftest.cc -lXm  -lXp -lXpm -lXext -lXt -lXext -lX11 -lSM -lICE    -lSM -lICE  >&5
/tmp/ccTzfzNm.o: In function `main':
/home1/students/cs20161248/DataStructure/ddd-3.3.8/configure:16749: undefined reference to `Xm21InstallImage'
collect2: ld returned 1 exit status
configure:16760: $? = 1
configure: failed program was:
#line 16731 "configure"
#include "confdefs.h"

/* Override any gcc2 internal prototype to avoid an error.  */
#ifdef __cplusplus
extern "C"
#endif
/* We use char because int might match the return type of a gcc2
   builtin and then its argument prototype would still apply.  */
char Xm21InstallImage ();
#ifdef F77_DUMMY_MAIN
#  ifdef __cplusplus
     extern "C"
#  endif
   int F77_DUMMY_MAIN() { return 1; }
#endif
int
main ()
{
Xm21InstallImage ();
  ;
  return 0;
}
configure:16777: result: no
configure:16807: checking for the name of the translation resource
configure:16836: g++ -c -g -O2 -fpermissive    conftest.cc >&5
configure:16839: $? = 0
configure:16842: test -s conftest.o
configure:16845: $? = 0
configure:16857: result: baseTranslations
configure:16864: checking whether Motif dialogs own the string table
configure:16948: g++ -o conftest -g -O2 -fpermissive      -L/usr/lib64 conftest.cc  -lSM -lICE  -lXm  -lXp -lXpm -lXext -lXt -lXext -lX11 -lSM -lICE   >&5
configure:16951: $? = 0
configure:16953: ./conftest

## ---------------- ##
## Cache variables. ##
## ---------------- ##

ac_cv_build=x86_64-unknown-linux-gnu
ac_cv_build_alias=x86_64-unknown-linux-gnu
ac_cv_c_compiler_gnu=yes
ac_cv_cxx_compiler_gnu=yes
ac_cv_env_CC_set=
ac_cv_env_CC_value=
ac_cv_env_CFLAGS_set=
ac_cv_env_CFLAGS_value=
ac_cv_env_CPPFLAGS_set=
ac_cv_env_CPPFLAGS_value=
ac_cv_env_CPP_set=
ac_cv_env_CPP_value=
ac_cv_env_CXXCPP_set=
ac_cv_env_CXXCPP_value=
ac_cv_env_CXXFLAGS_set=
ac_cv_env_CXXFLAGS_value=
ac_cv_env_CXX_set=
ac_cv_env_CXX_value=
ac_cv_env_LDFLAGS_set=
ac_cv_env_LDFLAGS_value=
ac_cv_env_build_alias_set=
ac_cv_env_build_alias_value=
ac_cv_env_host_alias_set=
ac_cv_env_host_alias_value=
ac_cv_env_target_alias_set=
ac_cv_env_target_alias_value=
ac_cv_exeext=
ac_cv_func_connect=yes
ac_cv_func_gethostbyname=yes
ac_cv_func_regcmp=no
ac_cv_func_remove=yes
ac_cv_func_shmat=yes
ac_cv_have_x='have_x=yes 		ac_x_includes= ac_x_libraries=/usr/lib64'
ac_cv_header_X11_Xaw_Form_h=yes
ac_cv_header_X11_Xaw_Panner_h=yes
ac_cv_header_X11_Xaw_Porthole_h=yes
ac_cv_header_X11_Xmu_Editres_h=yes
ac_cv_header_X11_xpm_h=yes
ac_cv_header_dlfcn_h=yes
ac_cv_header_inttypes_h=yes
ac_cv_header_memory_h=yes
ac_cv_header_stdc=yes
ac_cv_header_stdint_h=yes
ac_cv_header_stdlib_h=yes
ac_cv_header_string_h=yes
ac_cv_header_strings_h=yes
ac_cv_header_sys_stat_h=yes
ac_cv_header_sys_types_h=yes
ac_cv_header_unistd_h=yes
ac_cv_header_xpm_h=no
ac_cv_host=x86_64-unknown-linux-gnu
ac_cv_host_alias=x86_64-unknown-linux-gnu
ac_cv_lib_ICE_IceConnectionNumber=yes
ac_cv_lib_X11_XOpenDisplay=yes
ac_cv_lib_Xaw_XawTextSetInsertionPoint=yes
ac_cv_lib_Xext_XShapeQueryVersion=yes
ac_cv_lib_Xintl__Xlcmbcurmax=no
ac_cv_lib_Xm_Xm21InstallImage=no
ac_cv_lib_Xm_XmCreateOptionMenu=yes
ac_cv_lib_Xm_XmInstallImage=yes
ac_cv_lib_Xm_xmUseVersion=yes
ac_cv_lib_Xmu_XmuCvtStringToOrientation=yes
ac_cv_lib_Xp_XpSelectInput=yes
ac_cv_lib_Xpm_XpmCreatePixmapFromXpmImage=yes
ac_cv_lib_Xt_XtToolkitInitialize=yes
ac_cv_lib_c_open=yes
ac_cv_lib_cposix_strerror=no
ac_cv_lib_elf_elf_version=yes
ac_cv_lib_fl_yywrap=yes
ac_cv_lib_gen_regcmp=no
ac_cv_lib_iberty_xstrerror=no
ac_cv_lib_ipc_shmap=no
ac_cv_lib_m_sin=yes
ac_cv_lib_mytinfo___tgetent=no
ac_cv_lib_ncurses___tgetent=yes
ac_cv_lib_readline_readline=yes
ac_cv_lib_y_yyerror=no
ac_cv_objext=o
ac_cv_path_RSH=/usr/bin/rsh
ac_cv_path_SH=/bin/sh
ac_cv_path_install='/usr/bin/install -c'
ac_cv_prog_AWK=gawk
ac_cv_prog_COMPRESS=gzip
ac_cv_prog_CPP='gcc -E'
ac_cv_prog_CXXCPP='g++ -E'
ac_cv_prog_DEBUGGER=gdb
ac_cv_prog_DIFF=diff
ac_cv_prog_DVIPS=dvips
ac_cv_prog_F77=g77
ac_cv_prog_GCORE=gcore
ac_cv_prog_LEX=flex
ac_cv_prog_LPR=lp
ac_cv_prog_M4=m4
ac_cv_prog_SED=sed
ac_cv_prog_TAR=gtar
ac_cv_prog_UNCOMPRESS=gzip
ac_cv_prog_XFONTSEL=xfontsel
ac_cv_prog_XTERM=xterm
ac_cv_prog_YACC='bison -y'
ac_cv_prog_ac_ct_CC=gcc
ac_cv_prog_ac_ct_CXX=g++
ac_cv_prog_ac_ct_RANLIB=ranlib
ac_cv_prog_ac_ct_STRIP=strip
ac_cv_prog_cc_g=yes
ac_cv_prog_cxx_g=yes
ac_cv_prog_lex_root=lex.yy
ac_cv_prog_lex_yytext_pointer=yes
ac_cv_prog_make_make_set=yes
ac_cv_target=x86_64-unknown-linux-gnu
ac_cv_target_alias=x86_64-unknown-linux-gnu
am_cv_CC_dependencies_compiler_type=gcc3
am_cv_CXX_dependencies_compiler_type=gcc3
ice_cv_athena_includes=
ice_cv_athena_libraries=
ice_cv_conserve_space=yes
ice_cv_cxx_isystem=yes
ice_cv_elide_constructors=yes
ice_cv_external_templates=no
ice_cv_have_ansi_lifetime_of_temporaries=yes
ice_cv_have_array_operator_new=yes
ice_cv_have_attribute_noreturn=yes
ice_cv_have_bool=yes
ice_cv_have_exceptions=yes
ice_cv_have_explicit=yes
ice_cv_have_long_long=yes
ice_cv_have_mutable=yes
ice_cv_have_namespace=yes
ice_cv_have_new_casts=yes
ice_cv_have_placement_new=yes
ice_cv_have_pretty_function=yes
ice_cv_have_std_exceptions=yes
ice_cv_have_std_streampos=yes
ice_cv_have_streampos=no
ice_cv_have_typeinfo=yes
ice_cv_minimal_toc=no
ice_cv_motif_includes=
ice_cv_motif_libraries=
ice_cv_permissive=yes
ice_cv_prog_cc=yes
ice_cv_prog_cxx=yes
ice_cv_traditional_cpp='gcc -E'
ice_cv_translations=baseTranslations
ice_cv_trigraphs=yes
ice_cv_warn_effective_cxx=yes
ice_cv_warn_uninitialized=yes
ice_cv_x_permissive=no
ice_cv_xpm_includes=
ice_cv_xpm_libraries=
lt_cv_archive_cmds_need_lc=no
lt_cv_compiler_c_o=no
lt_cv_deplibs_check_method='file_magic ELF [0-9][0-9]*-bit [LM]SB (shared object|dynamic lib )'
lt_cv_file_magic_cmd='$MAGIC_CMD'
lt_cv_file_magic_test_file='/lib/libc.so.6 /lib/libc-2.5.so'
lt_cv_global_symbol_to_c_name_address='sed -n -e '\''s/^: \([^ ]*\) $/  {\"\1\", (lt_ptr) 0},/p'\'' -e '\''s/^[BCDEGRST] \([^ ]*\) \([^ ]*\)$/  {"\2", (lt_ptr) \&\2},/p'\'''
lt_cv_global_symbol_to_cdecl='sed -n -e '\''s/^. .* \(.*\)$/extern char \1;/p'\'''
lt_cv_ld_reload_flag=-r
lt_cv_path_LD=/usr/bin/ld
lt_cv_path_MAGIC_CMD=/usr/bin/file
lt_cv_path_NM='/usr/bin/nm -B'
lt_cv_prog_cc_can_build_shared=yes
lt_cv_prog_cc_no_builtin=
lt_cv_prog_cc_pic=' -fPIC'
lt_cv_prog_cc_pic_works=yes
lt_cv_prog_cc_shlib=
lt_cv_prog_cc_static=-static
lt_cv_prog_cc_static_works=yes
lt_cv_prog_cc_wl=-Wl,
lt_cv_prog_gnu_ld=yes
lt_cv_sys_global_symbol_pipe='sed -n -e '\''s/^.*[ 	]\([ABCDGISTW][ABCDGISTW]*\)[ 	][ 	]*\(\)\([_A-Za-z][_A-Za-z0-9]*\)$/\1 \2\3 \3/p'\'''
lt_cv_sys_path_separator=:

## ----------- ##
## confdefs.h. ##
## ----------- ##

#define PACKAGE_NAME ""
#define PACKAGE_TARNAME ""
#define PACKAGE_VERSION ""
#define PACKAGE_STRING ""
#define PACKAGE_BUGREPORT ""
#define PACKAGE "ddd"
#define VERSION "3.3.8"
#define YYTEXT_POINTER 1
#ifdef __cplusplus
#include <stdlib.h>
#endif
#define HAVE_BOOL 1
#define HAVE_EXPLICIT 1
#define HAVE_MUTABLE 1
#define HAVE_EXCEPTIONS 1
#define HAVE_STD_EXCEPTIONS 1
#define HAVE_NAMESPACE 1
#define HAVE_TYPEINFO 1
#define HAVE_LONG_LONG 1
#define HAVE_PRETTY_FUNCTION 1
#define HAVE_ARRAY_OPERATOR_NEW 1
#define HAVE_PLACEMENT_NEW 1
#define HAVE_ANSI_LIFETIME_OF_TEMPORARIES 1
#define HAVE_NEW_CASTS 1
#define HAVE_ATTRIBUTE_NORETURN 1
#define STDC_HEADERS 1
#define HAVE_SYS_TYPES_H 1
#define HAVE_SYS_STAT_H 1
#define HAVE_STDLIB_H 1
#define HAVE_STRING_H 1
#define HAVE_MEMORY_H 1
#define HAVE_STRINGS_H 1
#define HAVE_INTTYPES_H 1
#define HAVE_STDINT_H 1
#define HAVE_UNISTD_H 1
#define HAVE_DLFCN_H 1
#define HAVE_STD_STREAMPOS 1
#define HAVE_XPM 1
#define HAVE_X11_XPM_H 1
#define HAVE_ATHENA 1
#define HAVE_X11_XAW_FORM_H 1
#define HAVE_X11_XAW_PANNER_H 1
#define HAVE_X11_XAW_PORTHOLE_H 1
#define HAVE_X11_XMU_EDITRES_H 1
#define HAVE_XP 1
#define HAVE_MOTIF 1
#define HAVE_XMUSEVERSION 1
#define HAVE_XMINSTALLIMAGE 1

configure: exit 1
